C:\USERS\STANISLAV\DESKTOP\Учусь\OSISPLAB2\OSISPLAB2\DEBUG\MAIN.OBJ
C:\USERS\STANISLAV\DESKTOP\УЧУСЬ\OSISPLAB2\OSISPLAB2\DEBUG\VC110.PDB
C:\USERS\STANISLAV\DESKTOP\Учусь\OSISPLAB2\DEBUG\OSISPLAB2.ILK
C:\USERS\STANISLAV\DESKTOP\Учусь\OSISPLAB2\DEBUG\OSISPLAB2.EXE
C:\USERS\STANISLAV\DESKTOP\УЧУСЬ\OSISPLAB2\DEBUG\OSISPLAB2.PDB
C:\Users\Stanislav\Desktop\Учусь\OSISPlab2\OSISPlab2\Debug\main.obj
C:\Users\Stanislav\Desktop\Учусь\OSISPlab2\OSISPlab2\Debug\cl.command.1.tlog
C:\Users\Stanislav\Desktop\Учусь\OSISPlab2\OSISPlab2\Debug\CL.read.1.tlog
C:\Users\Stanislav\Desktop\Учусь\OSISPlab2\OSISPlab2\Debug\CL.write.1.tlog
C:\Users\Stanislav\Desktop\Учусь\OSISPlab2\OSISPlab2\Debug\link-cvtres.read.1.tlog
C:\Users\Stanislav\Desktop\Учусь\OSISPlab2\OSISPlab2\Debug\link-cvtres.write.1.tlog
C:\Users\Stanislav\Desktop\Учусь\OSISPlab2\OSISPlab2\Debug\link-rc.read.1.tlog
C:\Users\Stanislav\Desktop\Учусь\OSISPlab2\OSISPlab2\Debug\link-rc.write.1.tlog
C:\Users\Stanislav\Desktop\Учусь\OSISPlab2\OSISPlab2\Debug\link.command.1.tlog
C:\Users\Stanislav\Desktop\Учусь\OSISPlab2\OSISPlab2\Debug\link.read.1.tlog
C:\Users\Stanislav\Desktop\Учусь\OSISPlab2\OSISPlab2\Debug\link.write.1.tlog
C:\Users\Stanislav\Desktop\Учусь\OSISPlab2\OSISPlab2\Debug\vc110.idb
C:\Users\Stanislav\Desktop\Учусь\OSISPlab2\OSISPlab2\Debug\vc110.pdb
C:\Users\Stanislav\Desktop\Учусь\OSISPlab2\Debug\OSISPlab2.pdb
C:\Users\Stanislav\Desktop\Учусь\OSISPlab2\Debug\OSISPlab2.exe
C:\Users\Stanislav\Desktop\Учусь\OSISPlab2\Debug\OSISPlab2.ilk
